izooto/build 2/outputs/logs/manifest-merger-debug-report.txt
-- Merging decision tree log ---
manifest
ADDED from src/main/AndroidManifest.xml:2:1-78:12
INJECTED from src/main/AndroidManifest.xml:2:1-78:12
INJECTED from src/main/AndroidManifest.xml:2:1-78:12
INJECTED from src/main/AndroidManifest.xml:2:1-78:12
INJECTED from src/main/AndroidManifest.xml:2:1-78:12
INJECTED from src/main/AndroidManifest.xml:2:1-78:12
INJECTED from src/main/AndroidManifest.xml:2:1-78:12
	package
		ADDED from src/main/AndroidManifest.xml:4:5-25
		INJECTED from src/main/AndroidManifest.xml
		INJECTED from src/main/AndroidManifest.xml
	android:versionName
		INJECTED from src/main/AndroidManifest.xml
		ADDED from src/main/AndroidManifest.xml:2:1-78:12
		INJECTED from src/main/AndroidManifest.xml
	xmlns:tools
		ADDED from src/main/AndroidManifest.xml:3:5-51
	android:versionCode
		INJECTED from src/main/AndroidManifest.xml
		ADDED from src/main/AndroidManifest.xml:2:1-78:12
		INJECTED from src/main/AndroidManifest.xml
	xmlns:android
		ADDED from src/main/AndroidManifest.xml:2:11-69
uses-permission#android.permission.INTERNET
ADDED from src/main/AndroidManifest.xml:6:5-67
	android:name
		ADDED from src/main/AndroidManifest.xml:6:22-64
uses-permission#android.permission.WAKE_LOCK
ADDED from src/main/AndroidManifest.xml:7:5-68
	android:name
		ADDED from src/main/AndroidManifest.xml:7:22-65
uses-permission#android.permission.VIBRATE
ADDED from src/main/AndroidManifest.xml:8:5-66
	android:name
		ADDED from src/main/AndroidManifest.xml:8:22-63
uses-permission#android.permission.ACCESS_NETWORK_STATE
ADDED from src/main/AndroidManifest.xml:9:5-79
	android:name
		ADDED from src/main/AndroidManifest.xml:9:22-76
uses-permission#com.sec.android.provider.badge.permission.READ
ADDED from src/main/AndroidManifest.xml:11:5-85
	android:name
		ADDED from src/main/AndroidManifest.xml:11:22-83
uses-permission#com.sec.android.provider.badge.permission.WRITE
ADDED from src/main/AndroidManifest.xml:12:5-86
	android:name
		ADDED from src/main/AndroidManifest.xml:12:22-84
uses-permission#com.htc.launcher.permission.READ_SETTINGS
ADDED from src/main/AndroidManifest.xml:15:5-80
	android:name
		ADDED from src/main/AndroidManifest.xml:15:22-78
uses-permission#com.htc.launcher.permission.UPDATE_SHORTCUT
ADDED from src/main/AndroidManifest.xml:16:5-82
	android:name
		ADDED from src/main/AndroidManifest.xml:16:22-80
uses-permission#com.sonyericsson.home.permission.BROADCAST_BADGE
ADDED from src/main/AndroidManifest.xml:19:5-87
	android:name
		ADDED from src/main/AndroidManifest.xml:19:22-85
uses-permission#com.sonymobile.home.permission.PROVIDER_INSERT_BADGE
ADDED from src/main/AndroidManifest.xml:20:5-91
	android:name
		ADDED from src/main/AndroidManifest.xml:20:22-89
uses-permission#com.anddoes.launcher.permission.UPDATE_COUNT
ADDED from src/main/AndroidManifest.xml:23:5-83
	android:name
		ADDED from src/main/AndroidManifest.xml:23:22-81
uses-permission#com.majeur.launcher.permission.UPDATE_BADGE
ADDED from src/main/AndroidManifest.xml:26:5-82
	android:name
		ADDED from src/main/AndroidManifest.xml:26:22-80
uses-permission#com.huawei.android.launcher.permission.CHANGE_BADGE
ADDED from src/main/AndroidManifest.xml:29:5-90
	android:name
		ADDED from src/main/AndroidManifest.xml:29:22-88
uses-permission#com.huawei.android.launcher.permission.READ_SETTINGS
ADDED from src/main/AndroidManifest.xml:30:5-91
	android:name
		ADDED from src/main/AndroidManifest.xml:30:22-89
uses-permission#com.huawei.android.launcher.permission.WRITE_SETTINGS
ADDED from src/main/AndroidManifest.xml:31:5-92
	android:name
		ADDED from src/main/AndroidManifest.xml:31:22-90
uses-permission#android.permission.READ_APP_BADGE
ADDED from src/main/AndroidManifest.xml:34:5-72
	android:name
		ADDED from src/main/AndroidManifest.xml:34:22-70
uses-permission#com.oppo.launcher.permission.READ_SETTINGS
ADDED from src/main/AndroidManifest.xml:37:5-81
	android:name
		ADDED from src/main/AndroidManifest.xml:37:22-79
uses-permission#com.oppo.launcher.permission.WRITE_SETTINGS
ADDED from src/main/AndroidManifest.xml:38:5-82
	android:name
		ADDED from src/main/AndroidManifest.xml:38:22-80
uses-permission#me.everything.badger.permission.BADGE_COUNT_READ
ADDED from src/main/AndroidManifest.xml:41:5-87
	android:name
		ADDED from src/main/AndroidManifest.xml:41:22-85
uses-permission#me.everything.badger.permission.BADGE_COUNT_WRITE
ADDED from src/main/AndroidManifest.xml:42:5-88
	android:name
		ADDED from src/main/AndroidManifest.xml:42:22-86
application
ADDED from src/main/AndroidManifest.xml:43:5-76:19
	tools:targetApi
		ADDED from src/main/AndroidManifest.xml:45:9-28
	android:usesCleartextTraffic
		ADDED from src/main/AndroidManifest.xml:44:9-44
activity#com.izooto.iZootoWebViewActivity
ADDED from src/main/AndroidManifest.xml:47:9-51:47
	android:screenOrientation
		ADDED from src/main/AndroidManifest.xml:49:13-49
	android:launchMode
		ADDED from src/main/AndroidManifest.xml:51:13-44
	android:exported
		ADDED from src/main/AndroidManifest.xml:50:13-37
	android:name
		ADDED from src/main/AndroidManifest.xml:48:13-60
meta-data#android.webkit.WebView.EnableSafeBrowsing
ADDED from src/main/AndroidManifest.xml:52:9-53:36
	android:value
		ADDED from src/main/AndroidManifest.xml:53:13-33
	android:name
		ADDED from src/main/AndroidManifest.xml:52:20-76
receiver#com.izooto.NotificationActionReceiver
ADDED from src/main/AndroidManifest.xml:54:9-61:20
	android:enabled
		ADDED from src/main/AndroidManifest.xml:56:13-35
	android:name
		ADDED from src/main/AndroidManifest.xml:55:13-65
intent-filter#action:name:actionBtnOne+action:name:actionBtnTwo
ADDED from src/main/AndroidManifest.xml:57:13-60:29
action#actionBtnOne
ADDED from src/main/AndroidManifest.xml:58:17-55
	android:name
		ADDED from src/main/AndroidManifest.xml:58:25-52
action#actionBtnTwo
ADDED from src/main/AndroidManifest.xml:59:17-55
	android:name
		ADDED from src/main/AndroidManifest.xml:59:25-52
service#com.izooto.iZootoMessagingService
ADDED from src/main/AndroidManifest.xml:62:9-69:19
	android:enabled
		ADDED from src/main/AndroidManifest.xml:64:13-35
	android:exported
		ADDED from src/main/AndroidManifest.xml:65:13-36
	android:name
		ADDED from src/main/AndroidManifest.xml:63:13-61
intent-filter#action:name:com.google.firebase.MESSAGING_EVENT
ADDED from src/main/AndroidManifest.xml:66:13-68:29
action#com.google.firebase.MESSAGING_EVENT
ADDED from src/main/AndroidManifest.xml:67:17-78
	android:name
		ADDED from src/main/AndroidManifest.xml:67:25-75
meta-data#izooto_app_id
ADDED from src/main/AndroidManifest.xml:71:9-73:48
	android:value
		ADDED from src/main/AndroidManifest.xml:73:13-45
	android:name
		ADDED from src/main/AndroidManifest.xml:72:13-41
uses-sdk
INJECTED from src/main/AndroidManifest.xml reason: use-sdk injection requested
INJECTED from src/main/AndroidManifest.xml
INJECTED from src/main/AndroidManifest.xml
INJECTED from src/main/AndroidManifest.xml
INJECTED from src/main/AndroidManifest.xml
	android:targetSdkVersion
		INJECTED from src/main/AndroidManifest.xml
		ADDED from src/main/AndroidManifest.xml
		INJECTED from src/main/AndroidManifest.xml
	android:minSdkVersion
		INJECTED from src/main/AndroidManifest.xml
		ADDED from src/main/AndroidManifest.xml
		INJECTED from src/main/AndroidManifest.xml